{"Time":"2025-09-09 14:15:13","TraceId":"bc485726e98b6318cbbd0011bf12aaae","Level":"INFO","CallerPath":"cmd.go:296:","CallerFunc":"[parkin-ai-system/internal/cmd.init.func1.2.LogActionMiddleware.4]","Content":"Action performed action user_register user_id path /backend/parkin/v1/login method POST"}
{"Time":"2025-09-09 14:15:13","TraceId":"bc485726e98b6318cbbd0011bf12aaae","Level":"INFO","CallerPath":"cmd.go:296:","CallerFunc":"[parkin-ai-system/internal/cmd.init.func1.2.LogActionMiddleware.5]","Content":"Action performed action user_login user_id path /backend/parkin/v1/login method POST"}
{"Time":"2025-09-09 14:15:23","TraceId":"08289385eb8b6318cdbd0011283ea9b3","Level":"INFO","CallerPath":"cmd.go:296:","CallerFunc":"[parkin-ai-system/internal/cmd.init.func1.2.LogActionMiddleware.4]","Content":"Action performed action user_register user_id path /backend/parkin/v1/logout method POST"}
{"Time":"2025-09-09 14:15:23","TraceId":"08289385eb8b6318cdbd0011283ea9b3","Level":"INFO","CallerPath":"cmd.go:296:","CallerFunc":"[parkin-ai-system/internal/cmd.init.func1.2.LogActionMiddleware.5]","Content":"Action performed action user_login user_id path /backend/parkin/v1/logout method POST"}
{"Time":"2025-09-09 14:15:23","TraceId":"08289385eb8b6318cdbd0011283ea9b3","Level":"INFO","CallerPath":"cmd.go:296:","CallerFunc":"[parkin-ai-system/internal/cmd.init.func1.2.LogActionMiddleware.6]","Content":"Action performed action user_refresh user_id path /backend/parkin/v1/logout method POST"}
{"Time":"2025-09-09 14:15:23","TraceId":"08289385eb8b6318cdbd0011283ea9b3","Level":"INFO","CallerPath":"cmd.go:296:","CallerFunc":"[parkin-ai-system/internal/cmd.init.func1.2.1.LogActionMiddleware.1]","Content":"Action performed action user_logout user_id 3 path /backend/parkin/v1/logout method POST"}
{"Time":"2025-09-09 14:15:26","TraceId":"d405dd27ec8b6318cfbd001197b39cbc","Level":"INFO","CallerPath":"cmd.go:296:","CallerFunc":"[parkin-ai-system/internal/cmd.init.func1.2.LogActionMiddleware.4]","Content":"Action performed action user_register user_id path /backend/parkin/v1/login method POST"}
{"Time":"2025-09-09 14:15:26","TraceId":"d405dd27ec8b6318cfbd001197b39cbc","Level":"INFO","CallerPath":"cmd.go:296:","CallerFunc":"[parkin-ai-system/internal/cmd.init.func1.2.LogActionMiddleware.5]","Content":"Action performed action user_login user_id path /backend/parkin/v1/login method POST"}
{"Time":"2025-09-09 14:17:13","TraceId":"e0dc932e058c6318d1bd0011242a631e","Level":"INFO","CallerPath":"cmd.go:296:","CallerFunc":"[parkin-ai-system/internal/cmd.init.func1.2.LogActionMiddleware.4]","Content":"Action performed action user_register user_id path /backend/parkin/v1/logout method POST"}
{"Time":"2025-09-09 14:17:13","TraceId":"e0dc932e058c6318d1bd0011242a631e","Level":"INFO","CallerPath":"cmd.go:296:","CallerFunc":"[parkin-ai-system/internal/cmd.init.func1.2.LogActionMiddleware.5]","Content":"Action performed action user_login user_id path /backend/parkin/v1/logout method POST"}
{"Time":"2025-09-09 14:17:13","TraceId":"e0dc932e058c6318d1bd0011242a631e","Level":"INFO","CallerPath":"cmd.go:296:","CallerFunc":"[parkin-ai-system/internal/cmd.init.func1.2.LogActionMiddleware.6]","Content":"Action performed action user_refresh user_id path /backend/parkin/v1/logout method POST"}
{"Time":"2025-09-09 14:17:13","TraceId":"e0dc932e058c6318d1bd0011242a631e","Level":"INFO","CallerPath":"cmd.go:296:","CallerFunc":"[parkin-ai-system/internal/cmd.init.func1.2.1.LogActionMiddleware.1]","Content":"Action performed action user_logout user_id 3 path /backend/parkin/v1/logout method POST"}
{"Time":"2025-09-09 15:07:48","TraceId":"2cf6fee3c78e6318d3bd001175f8763e","Level":"INFO","CallerPath":"cmd.go:296:","CallerFunc":"[parkin-ai-system/internal/cmd.init.func1.2.LogActionMiddleware.4]","Content":"Action performed action user_register user_id path /backend/parkin/v1/login method POST"}
{"Time":"2025-09-09 15:07:48","TraceId":"2cf6fee3c78e6318d3bd001175f8763e","Level":"INFO","CallerPath":"cmd.go:296:","CallerFunc":"[parkin-ai-system/internal/cmd.init.func1.2.LogActionMiddleware.5]","Content":"Action performed action user_login user_id path /backend/parkin/v1/login method POST"}
{"Time":"2025-09-09 15:07:57","TraceId":"2cd3f6f3c98e6318d5bd001148c2bb3d","Level":"INFO","CallerPath":"cmd.go:296:","CallerFunc":"[parkin-ai-system/internal/cmd.init.func1.2.LogActionMiddleware.4]","Content":"Action performed action user_register user_id path /backend/parkin/v1/logout method POST"}
{"Time":"2025-09-09 15:07:57","TraceId":"2cd3f6f3c98e6318d5bd001148c2bb3d","Level":"INFO","CallerPath":"cmd.go:296:","CallerFunc":"[parkin-ai-system/internal/cmd.init.func1.2.LogActionMiddleware.5]","Content":"Action performed action user_login user_id path /backend/parkin/v1/logout method POST"}
{"Time":"2025-09-09 15:07:57","TraceId":"2cd3f6f3c98e6318d5bd001148c2bb3d","Level":"INFO","CallerPath":"cmd.go:296:","CallerFunc":"[parkin-ai-system/internal/cmd.init.func1.2.LogActionMiddleware.6]","Content":"Action performed action user_refresh user_id path /backend/parkin/v1/logout method POST"}
{"Time":"2025-09-09 15:07:57","TraceId":"2cd3f6f3c98e6318d5bd001148c2bb3d","Level":"INFO","CallerPath":"cmd.go:296:","CallerFunc":"[parkin-ai-system/internal/cmd.init.func1.2.1.LogActionMiddleware.1]","Content":"Action performed action user_logout user_id 3 path /backend/parkin/v1/logout method POST"}
{"Time":"2025-09-09 15:39:22","TraceId":"a8958dc080906318d7bd001197ddefd9","Level":"INFO","CallerPath":"cmd.go:296:","CallerFunc":"[parkin-ai-system/internal/cmd.init.func1.2.LogActionMiddleware.4]","Content":"Action performed action user_register user_id path /backend/parkin/v1/login method POST"}
{"Time":"2025-09-09 15:39:22","TraceId":"a8958dc080906318d7bd001197ddefd9","Level":"INFO","CallerPath":"cmd.go:296:","CallerFunc":"[parkin-ai-system/internal/cmd.init.func1.2.LogActionMiddleware.5]","Content":"Action performed action user_login user_id path /backend/parkin/v1/login method POST"}
{"Time":"2025-09-09 15:39:34","TraceId":"0849e69c83906318d9bd00116a825cb3","Level":"INFO","CallerPath":"cmd.go:296:","CallerFunc":"[parkin-ai-system/internal/cmd.init.func1.2.LogActionMiddleware.4]","Content":"Action performed action user_register user_id path /backend/parkin/v1/logout method POST"}
{"Time":"2025-09-09 15:39:34","TraceId":"0849e69c83906318d9bd00116a825cb3","Level":"INFO","CallerPath":"cmd.go:296:","CallerFunc":"[parkin-ai-system/internal/cmd.init.func1.2.LogActionMiddleware.5]","Content":"Action performed action user_login user_id path /backend/parkin/v1/logout method POST"}
{"Time":"2025-09-09 15:39:34","TraceId":"0849e69c83906318d9bd00116a825cb3","Level":"INFO","CallerPath":"cmd.go:296:","CallerFunc":"[parkin-ai-system/internal/cmd.init.func1.2.LogActionMiddleware.6]","Content":"Action performed action user_refresh user_id path /backend/parkin/v1/logout method POST"}
{"Time":"2025-09-09 15:39:34","TraceId":"0849e69c83906318d9bd00116a825cb3","Level":"INFO","CallerPath":"cmd.go:296:","CallerFunc":"[parkin-ai-system/internal/cmd.init.func1.2.1.LogActionMiddleware.1]","Content":"Action performed action user_logout user_id 3 path /backend/parkin/v1/logout method POST"}
